# JRE version: Java(TM) SE Runtime Environment (8.0_60-b27) (build 1.8.0_60-b27)
# Java VM: Java HotSpot(TM) 64-Bit Server VM (25.60-b23 mixed mode windows-amd64 compressed oops)
Heap:
 PSYoungGen      total 177664K, used 96272K [0x00000000d5f00000, 0x00000000e1c00000, 0x0000000100000000)
  eden space 163328K, 58% used [0x00000000d5f00000,0x00000000dbd04350,0x00000000dfe80000)
  from space 14336K, 0% used [0x00000000e0d00000,0x00000000e0d00000,0x00000000e1b00000)
  to   space 14848K, 0% used [0x00000000dfe80000,0x00000000dfe80000,0x00000000e0d00000)
 ParOldGen       total 93696K, used 20350K [0x0000000081c00000, 0x0000000087780000, 0x00000000d5f00000)
  object space 93696K, 21% used [0x0000000081c00000,0x0000000082fdfac8,0x0000000087780000)
 Metaspace       used 55825K, capacity 58170K, committed 58328K, reserved 1099776K
  class space    used 6547K, capacity 7018K, committed 7128K, reserved 1048576K
GC Heap History (10 events):
Event: 1467.157 GC heap before
{Heap before GC invocations=14 (full 2):
 PSYoungGen      total 177152K, used 146818K [0x00000000d5f00000, 0x00000000e2080000, 0x0000000100000000)
  eden space 169472K, 82% used [0x00000000d5f00000,0x00000000de6e2678,0x00000000e0480000)
  from space 7680K, 99% used [0x00000000e0a80000,0x00000000e11fe1b8,0x00000000e1200000)
  to   space 14336K, 0% used [0x00000000e1280000,0x00000000e1280000,0x00000000e2080000)
 ParOldGen       total 93696K, used 17588K [0x0000000081c00000, 0x0000000087780000, 0x00000000d5f00000)
  object space 93696K, 18% used [0x0000000081c00000,0x0000000082d2d150,0x0000000087780000)
 Metaspace       used 54606K, capacity 56764K, committed 56920K, reserved 1099776K
  class space    used 6500K, capacity 6935K, committed 7000K, reserved 1048576K
Event: 1467.163 GC heap after
Heap after GC invocations=14 (full 2):
 PSYoungGen      total 183808K, used 6840K [0x00000000d5f00000, 0x00000000e2080000, 0x0000000100000000)
  eden space 169472K, 0% used [0x00000000d5f00000,0x00000000d5f00000,0x00000000e0480000)
  from space 14336K, 47% used [0x00000000e1280000,0x00000000e192e118,0x00000000e2080000)
  to   space 14336K, 0% used [0x00000000e0480000,0x00000000e0480000,0x00000000e1280000)
 ParOldGen       total 93696K, used 17596K [0x0000000081c00000, 0x0000000087780000, 0x00000000d5f00000)
  object space 93696K, 18% used [0x0000000081c00000,0x0000000082d2f150,0x0000000087780000)
 Metaspace       used 54606K, capacity 56764K, committed 56920K, reserved 1099776K
  class space    used 6500K, capacity 6935K, committed 7000K, reserved 1048576K
}
Event: 1467.163 GC heap before
{Heap before GC invocations=15 (full 3):
 PSYoungGen      total 183808K, used 6840K [0x00000000d5f00000, 0x00000000e2080000, 0x0000000100000000)
  eden space 169472K, 0% used [0x00000000d5f00000,0x00000000d5f00000,0x00000000e0480000)
  from space 14336K, 47% used [0x00000000e1280000,0x00000000e192e118,0x00000000e2080000)
  to   space 14336K, 0% used [0x00000000e0480000,0x00000000e0480000,0x00000000e1280000)
 ParOldGen       total 93696K, used 17596K [0x0000000081c00000, 0x0000000087780000, 0x00000000d5f00000)
  object space 93696K, 18% used [0x0000000081c00000,0x0000000082d2f150,0x0000000087780000)
 Metaspace       used 54606K, capacity 56764K, committed 56920K, reserved 1099776K
  class space    used 6500K, capacity 6935K, committed 7000K, reserved 1048576K
Event: 1467.313 GC heap after
Heap after GC invocations=15 (full 3):
 PSYoungGen      total 183808K, used 0K [0x00000000d5f00000, 0x00000000e2080000, 0x0000000100000000)
  eden space 169472K, 0% used [0x00000000d5f00000,0x00000000d5f00000,0x00000000e0480000)
  from space 14336K, 0% used [0x00000000e1280000,0x00000000e1280000,0x00000000e2080000)
  to   space 14336K, 0% used [0x00000000e0480000,0x00000000e0480000,0x00000000e1280000)
 ParOldGen       total 93696K, used 20182K [0x0000000081c00000, 0x0000000087780000, 0x00000000d5f00000)
  object space 93696K, 21% used [0x0000000081c00000,0x0000000082fb5940,0x0000000087780000)
 Metaspace       used 54573K, capacity 56702K, committed 56920K, reserved 1099776K
  class space    used 6494K, capacity 6924K, committed 7000K, reserved 1048576K
}
Event: 1630.794 GC heap before
{Heap before GC invocations=16 (full 3):
 PSYoungGen      total 183808K, used 169472K [0x00000000d5f00000, 0x00000000e2080000, 0x0000000100000000)
  eden space 169472K, 100% used [0x00000000d5f00000,0x00000000e0480000,0x00000000e0480000)
  from space 14336K, 0% used [0x00000000e1280000,0x00000000e1280000,0x00000000e2080000)
  to   space 14336K, 0% used [0x00000000e0480000,0x00000000e0480000,0x00000000e1280000)
 ParOldGen       total 93696K, used 20182K [0x0000000081c00000, 0x0000000087780000, 0x00000000d5f00000)
  object space 93696K, 21% used [0x0000000081c00000,0x0000000082fb5940,0x0000000087780000)
 Metaspace       used 55433K, capacity 57722K, committed 57944K, reserved 1099776K
  class space    used 6534K, capacity 6969K, committed 7000K, reserved 1048576K
Event: 1630.800 GC heap after
Heap after GC invocations=16 (full 3):
 PSYoungGen      total 170496K, used 6308K [0x00000000d5f00000, 0x00000000e1b00000, 0x0000000100000000)
  eden space 163840K, 0% used [0x00000000d5f00000,0x00000000d5f00000,0x00000000dff00000)
  from space 6656K, 94% used [0x00000000e0480000,0x00000000e0aa91b0,0x00000000e0b00000)
  to   space 14336K, 0% used [0x00000000e0d00000,0x00000000e0d00000,0x00000000e1b00000)
 ParOldGen       total 93696K, used 20190K [0x0000000081c00000, 0x0000000087780000, 0x00000000d5f00000)
  object space 93696K, 21% used [0x0000000081c00000,0x0000000082fb7940,0x0000000087780000)
 Metaspace       used 55433K, capacity 57722K, committed 57944K, reserved 1099776K
  class space    used 6534K, capacity 6969K, committed 7000K, reserved 1048576K
}
Event: 1701.302 GC heap before
{Heap before GC invocations=17 (full 3):
 PSYoungGen      total 170496K, used 37558K [0x00000000d5f00000, 0x00000000e1b00000, 0x0000000100000000)
  eden space 163840K, 19% used [0x00000000d5f00000,0x00000000d7d847a8,0x00000000dff00000)
  from space 6656K, 94% used [0x00000000e0480000,0x00000000e0aa91b0,0x00000000e0b00000)
  to   space 14336K, 0% used [0x00000000e0d00000,0x00000000e0d00000,0x00000000e1b00000)
 ParOldGen       total 93696K, used 20190K [0x0000000081c00000, 0x0000000087780000, 0x00000000d5f00000)
  object space 93696K, 21% used [0x0000000081c00000,0x0000000082fb7940,0x0000000087780000)
 Metaspace       used 55457K, capacity 57760K, committed 58072K, reserved 1099776K
  class space    used 6536K, capacity 7003K, committed 7128K, reserved 1048576K
Event: 1701.305 GC heap after
Heap after GC invocations=17 (full 3):
 PSYoungGen      total 177664K, used 2993K [0x00000000d5f00000, 0x00000000e1c00000, 0x0000000100000000)
  eden space 163328K, 0% used [0x00000000d5f00000,0x00000000d5f00000,0x00000000dfe80000)
  from space 14336K, 20% used [0x00000000e0d00000,0x00000000e0fec4f8,0x00000000e1b00000)
  to   space 14848K, 0% used [0x00000000dfe80000,0x00000000dfe80000,0x00000000e0d00000)
 ParOldGen       total 93696K, used 20198K [0x0000000081c00000, 0x0000000087780000, 0x00000000d5f00000)
  object space 93696K, 21% used [0x0000000081c00000,0x0000000082fb9940,0x0000000087780000)
 Metaspace       used 55457K, capacity 57760K, committed 58072K, reserved 1099776K
  class space    used 6536K, capacity 7003K, committed 7128K, reserved 1048576K
}
Event: 1701.305 GC heap before
{Heap before GC invocations=18 (full 4):
 PSYoungGen      total 177664K, used 2993K [0x00000000d5f00000, 0x00000000e1c00000, 0x0000000100000000)
  eden space 163328K, 0% used [0x00000000d5f00000,0x00000000d5f00000,0x00000000dfe80000)
  from space 14336K, 20% used [0x00000000e0d00000,0x00000000e0fec4f8,0x00000000e1b00000)
  to   space 14848K, 0% used [0x00000000dfe80000,0x00000000dfe80000,0x00000000e0d00000)
 ParOldGen       total 93696K, used 20198K [0x0000000081c00000, 0x0000000087780000, 0x00000000d5f00000)
  object space 93696K, 21% used [0x0000000081c00000,0x0000000082fb9940,0x0000000087780000)
 Metaspace       used 55457K, capacity 57760K, committed 58072K, reserved 1099776K
  class space    used 6536K, capacity 7003K, committed 7128K, reserved 1048576K
Event: 1701.445 GC heap after
Heap after GC invocations=18 (full 4):
 PSYoungGen      total 177664K, used 0K [0x00000000d5f00000, 0x00000000e1c00000, 0x0000000100000000)
  eden space 163328K, 0% used [0x00000000d5f00000,0x00000000d5f00000,0x00000000dfe80000)
  from space 14336K, 0% used [0x00000000e0d00000,0x00000000e0d00000,0x00000000e1b00000)
  to   space 14848K, 0% used [0x00000000dfe80000,0x00000000dfe80000,0x00000000e0d00000)
 ParOldGen       total 93696K, used 20350K [0x0000000081c00000, 0x0000000087780000, 0x00000000d5f00000)
  object space 93696K, 21% used [0x0000000081c00000,0x0000000082fdfac8,0x0000000087780000)
 Metaspace       used 55444K, capacity 57740K, committed 58072K, reserved 1099776K
  class space    used 6535K, capacity 6999K, committed 7128K, reserved 1048576K
}

